<?xml version="1.0" encoding="utf-8"?><testsuites><testsuite name="pytest" errors="0" failures="0" skipped="0" tests="3" time="30.568" timestamp="2022-02-14T12:15:25.037636" hostname="DESKTOP-NGIE6DF"><testcase classname="test_HomePage.TestHomePage" name="test_FormSubmission[getData0]" time="10.265" /><testcase classname="test_HomePage.TestHomePage" name="test_FormSubmission[getData1]" time="1.460" /><testcase classname="test_e2e.TestOne" name="test_e2e" time="18.768" /></testsuite></testsuites>